Using pre-set license
Built from '2020.3/staging' branch; Version is '2020.3.18f1 (a7d1c678663c) revision 10998214'; Using compiler version '192528614'; Build Type 'Release'
OS: 'Windows 10 Pro; OS build 19043.1645; Version 2009; 64bit' Language: 'ru' Physical Memory: 16233 MB
BatchMode: 1, IsHumanControllingUs: 0, StartBugReporterOnCrash: 0, Is64bit: 1, IsPro: 0

COMMAND LINE ARGUMENTS:
C:\Program Files\Unity\Hub\Editor\2020.3.18f1\Editor\Unity.exe
-adb2
-batchMode
-noUpm
-name
AssetImportWorker0
-projectPath
D:/Runner/Runner
-logFile
Logs/AssetImportWorker0.log
-srvPort
54032
Successfully changed project path to: D:/Runner/Runner
D:/Runner/Runner
Using Asset Import Pipeline V2.
Refreshing native plugins compatible for Editor in 32.01 ms, found 2 plugins.
Preloading 0 native plugins for Editor in 0.00 ms.
Initialize engine version: 2020.3.18f1 (a7d1c678663c)
[Subsystems] Discovering subsystems at path C:/Program Files/Unity/Hub/Editor/2020.3.18f1/Editor/Data/Resources/UnitySubsystems
[Subsystems] Discovering subsystems at path D:/Runner/Runner/Assets
GfxDevice: creating device client; threaded=0
Direct3D:
    Version:  Direct3D 11.0 [level 11.1]
    Renderer: NVIDIA GeForce RTX 2070 (ID=0x1f10)
    Vendor:   
    VRAM:     8031 MB
    Driver:   27.21.14.5763
Initialize mono
Mono path[0] = 'C:/Program Files/Unity/Hub/Editor/2020.3.18f1/Editor/Data/Managed'
Mono path[1] = 'C:/Program Files/Unity/Hub/Editor/2020.3.18f1/Editor/Data/MonoBleedingEdge/lib/mono/unityjit'
Mono config path = 'C:/Program Files/Unity/Hub/Editor/2020.3.18f1/Editor/Data/MonoBleedingEdge/etc'
Using monoOptions --debugger-agent=transport=dt_socket,embedding=1,server=y,suspend=n,address=127.0.0.1:56052
Begin MonoManager ReloadAssembly
Registering precompiled unity dll's ...
Register platform support module: C:/Program Files/Unity/Hub/Editor/2020.3.18f1/Editor/Data/PlaybackEngines/WindowsStandaloneSupport/UnityEditor.WindowsStandalone.Extensions.dll
Registered in 0.001510 seconds.
Native extension for WindowsStandalone target not found
Refreshing native plugins compatible for Editor in 28.10 ms, found 2 plugins.
Preloading 0 native plugins for Editor in 0.00 ms.
Mono: successfully reloaded assembly
- Completed reload, in  1.845 seconds
Domain Reload Profiling:
	ReloadAssembly (1846ms)
		BeginReloadAssembly (60ms)
			ExecutionOrderSort (0ms)
			DisableScriptedObjects (0ms)
			BackupInstance (0ms)
			ReleaseScriptingObjects (0ms)
			CreateAndSetChildDomain (1ms)
		EndReloadAssembly (434ms)
			LoadAssemblies (59ms)
			RebuildTransferFunctionScriptingTraits (0ms)
			SetupTypeCache (142ms)
			ReleaseScriptCaches (0ms)
			RebuildScriptCaches (32ms)
			SetupLoadedEditorAssemblies (145ms)
				LogAssemblyErrors (0ms)
				InitializePlatformSupportModulesInManaged (4ms)
				SetLoadedEditorAssemblies (0ms)
				RefreshPlugins (28ms)
				BeforeProcessingInitializeOnLoad (8ms)
				ProcessInitializeOnLoadAttributes (77ms)
				ProcessInitializeOnLoadMethodAttributes (27ms)
				AfterProcessingInitializeOnLoad (0ms)
				EditorAssembliesLoaded (0ms)
			ExecutionOrderSort2 (0ms)
			AwakeInstancesAfterBackupRestoration (0ms)
Platform modules already initialized, skipping
Registering precompiled user dll's ...
Registered in 0.004860 seconds.
Begin MonoManager ReloadAssembly
Native extension for WindowsStandalone target not found
Refreshing native plugins compatible for Editor in 0.28 ms, found 2 plugins.
Preloading 0 native plugins for Editor in 0.00 ms.
Mono: successfully reloaded assembly
- Completed reload, in  0.959 seconds
Domain Reload Profiling:
	ReloadAssembly (959ms)
		BeginReloadAssembly (145ms)
			ExecutionOrderSort (0ms)
			DisableScriptedObjects (4ms)
			BackupInstance (0ms)
			ReleaseScriptingObjects (0ms)
			CreateAndSetChildDomain (18ms)
		EndReloadAssembly (760ms)
			LoadAssemblies (80ms)
			RebuildTransferFunctionScriptingTraits (0ms)
			SetupTypeCache (251ms)
			ReleaseScriptCaches (0ms)
			RebuildScriptCaches (40ms)
			SetupLoadedEditorAssemblies (305ms)
				LogAssemblyErrors (0ms)
				InitializePlatformSupportModulesInManaged (5ms)
				SetLoadedEditorAssemblies (0ms)
				RefreshPlugins (0ms)
				BeforeProcessingInitializeOnLoad (50ms)
				ProcessInitializeOnLoadAttributes (242ms)
				ProcessInitializeOnLoadMethodAttributes (5ms)
				AfterProcessingInitializeOnLoad (3ms)
				EditorAssembliesLoaded (0ms)
			ExecutionOrderSort2 (0ms)
			AwakeInstancesAfterBackupRestoration (6ms)
Platform modules already initialized, skipping
========================================================================
Worker process is ready to serve import requests
Launched and connected shader compiler UnityShaderCompiler.exe after 0.05 seconds
Refreshing native plugins compatible for Editor in 0.31 ms, found 2 plugins.
Preloading 0 native plugins for Editor in 0.00 ms.
Unloading 1413 Unused Serialized files (Serialized files now loaded: 0)
System memory in use before: 66.0 MB.
System memory in use after: 66.1 MB.

Unloading 16 unused Assets to reduce memory usage. Loaded Objects now: 1850.
Total: 3.231500 ms (FindLiveObjects: 0.139500 ms CreateObjectMapping: 0.036100 ms MarkObjects: 2.927000 ms  DeleteObjects: 0.128200 ms)

AssetImportParameters requested are different than current active one (requested -> active):
  custom:framework-win-MediaFoundation: 216162199b28c13a410421893ffa2e32 -> 
  custom:video-decoder-ogg-theora: a1e56fd34408186e4bbccfd4996cb3dc -> 
  custom:container-muxer-webm: aa71ff27fc2769a1b78a27578f13a17b -> 
  custom:container-demuxer-webm: 4f35f7cbe854078d1ac9338744f61a02 -> 
  custom:container-demuxer-ogg: 62fdf1f143b41e24485cea50d1cbac27 -> 
  custom:video-encoder-webm-vp8: eb34c28f22e8b96e1ab97ce403110664 -> 
  custom:video-decoder-webm-vp8: 9c59270c3fd7afecdb556c50c9e8de78 -> 
  custom:audio-decoder-ogg-vorbis: bf7c407c2cedff20999df2af8eb42d56 -> 
  custom:audio-encoder-webm-vorbis: bf7c407c2cedff20999df2af8eb42d56 -> 
========================================================================
Received Import Request.
  path: Assets/Prefabs/1/1(1).prefab
  artifactKey: Guid(6a186f319ef933c4c83fd90b54ed937c) Importer(815301076,1909f56bfc062723c751e8b465ee728b)
Start importing Assets/Prefabs/1/1(1).prefab using Guid(6a186f319ef933c4c83fd90b54ed937c) Importer(815301076,1909f56bfc062723c751e8b465ee728b)  -> (artifact id: '597602f09b2b1d5b6e9f453a16bb1eec') in 0.144346 seconds 
  Import took 0.147006 seconds .

========================================================================
Received Import Request.
  Time since last request: 32.691038 seconds.
  path: Assets/Prefabs/1/1(2).prefab
  artifactKey: Guid(1826cad6f12e14e4082932957f7e798d) Importer(815301076,1909f56bfc062723c751e8b465ee728b)
Start importing Assets/Prefabs/1/1(2).prefab using Guid(1826cad6f12e14e4082932957f7e798d) Importer(815301076,1909f56bfc062723c751e8b465ee728b)  -> (artifact id: '99468eedb90ee4a44019d9635ba2a452') in 0.343922 seconds 
  Import took 0.346635 seconds .

========================================================================
Received Import Request.
  Time since last request: 7.980460 seconds.
  path: Assets/Prefabs/1/1(2).prefab
  artifactKey: Guid(1826cad6f12e14e4082932957f7e798d) Importer(815301076,1909f56bfc062723c751e8b465ee728b)
Start importing Assets/Prefabs/1/1(2).prefab using Guid(1826cad6f12e14e4082932957f7e798d) Importer(815301076,1909f56bfc062723c751e8b465ee728b)  -> (artifact id: '37366c30b0e7f36cdcd3c99ab03dbf7c') in 0.008272 seconds 
  Import took 0.010966 seconds .

========================================================================
Received Import Request.
  Time since last request: 11.595285 seconds.
  path: Assets/Prefabs/1/1(2).prefab
  artifactKey: Guid(1826cad6f12e14e4082932957f7e798d) Importer(815301076,1909f56bfc062723c751e8b465ee728b)
Start importing Assets/Prefabs/1/1(2).prefab using Guid(1826cad6f12e14e4082932957f7e798d) Importer(815301076,1909f56bfc062723c751e8b465ee728b)  -> (artifact id: '18a9e33a3873ac1d777603b359196d7a') in 0.008657 seconds 
  Import took 0.011358 seconds .

========================================================================
Received Import Request.
  Time since last request: 14.619835 seconds.
  path: Assets/Prefabs/1/1(2).prefab
  artifactKey: Guid(1826cad6f12e14e4082932957f7e798d) Importer(815301076,1909f56bfc062723c751e8b465ee728b)
Start importing Assets/Prefabs/1/1(2).prefab using Guid(1826cad6f12e14e4082932957f7e798d) Importer(815301076,1909f56bfc062723c751e8b465ee728b)  -> (artifact id: '264cb0a72157f076fb2b5592c37d8ea3') in 0.008613 seconds 
  Import took 0.011913 seconds .

========================================================================
Received Import Request.
  Time since last request: 47.038523 seconds.
  path: Assets/Prefabs/1/1(3).prefab
  artifactKey: Guid(afb3aaec858899a41b3510f95a0025f2) Importer(815301076,1909f56bfc062723c751e8b465ee728b)
Start importing Assets/Prefabs/1/1(3).prefab using Guid(afb3aaec858899a41b3510f95a0025f2) Importer(815301076,1909f56bfc062723c751e8b465ee728b)  -> (artifact id: 'e338ff393865ac0159d7c12f302ae643') in 0.010462 seconds 
  Import took 0.014034 seconds .

========================================================================
Received Import Request.
  Time since last request: 9.738050 seconds.
  path: Assets/Prefabs/1/1(3).prefab
  artifactKey: Guid(afb3aaec858899a41b3510f95a0025f2) Importer(815301076,1909f56bfc062723c751e8b465ee728b)
Start importing Assets/Prefabs/1/1(3).prefab using Guid(afb3aaec858899a41b3510f95a0025f2) Importer(815301076,1909f56bfc062723c751e8b465ee728b)  -> (artifact id: '86777e2ff51b75ce1414d77b09fb6634') in 0.008281 seconds 
  Import took 0.011613 seconds .

========================================================================
Received Import Request.
  Time since last request: 9.548955 seconds.
  path: Assets/Prefabs/1/1(3).prefab
  artifactKey: Guid(afb3aaec858899a41b3510f95a0025f2) Importer(815301076,1909f56bfc062723c751e8b465ee728b)
Start importing Assets/Prefabs/1/1(3).prefab using Guid(afb3aaec858899a41b3510f95a0025f2) Importer(815301076,1909f56bfc062723c751e8b465ee728b)  -> (artifact id: '09a0bb8334d261c9b8f979124f7ab1ba') in 0.008524 seconds 
  Import took 0.011909 seconds .

========================================================================
Received Import Request.
  Time since last request: 82.145173 seconds.
  path: Assets/Prefabs/1/1(4).prefab
  artifactKey: Guid(ea1ab27c1aa0c5a4f9471e1716f67cb5) Importer(815301076,1909f56bfc062723c751e8b465ee728b)
Start importing Assets/Prefabs/1/1(4).prefab using Guid(ea1ab27c1aa0c5a4f9471e1716f67cb5) Importer(815301076,1909f56bfc062723c751e8b465ee728b)  -> (artifact id: '13312df17932849884cfec0c54f40435') in 0.008499 seconds 
  Import took 0.011190 seconds .

========================================================================
Received Import Request.
  Time since last request: 49.451265 seconds.
  path: Assets/Prefabs/1/1(4).prefab
  artifactKey: Guid(ea1ab27c1aa0c5a4f9471e1716f67cb5) Importer(815301076,1909f56bfc062723c751e8b465ee728b)
Start importing Assets/Prefabs/1/1(4).prefab using Guid(ea1ab27c1aa0c5a4f9471e1716f67cb5) Importer(815301076,1909f56bfc062723c751e8b465ee728b)  -> (artifact id: 'dd24e747808667977eed85b9eee9cf0c') in 0.010755 seconds 
  Import took 0.013183 seconds .

========================================================================
Received Import Request.
  Time since last request: 149.178840 seconds.
  path: Assets/Prefabs/2/2(1).prefab
  artifactKey: Guid(39b9f98d37cd45a49b79be7656a82e37) Importer(815301076,1909f56bfc062723c751e8b465ee728b)
Start importing Assets/Prefabs/2/2(1).prefab using Guid(39b9f98d37cd45a49b79be7656a82e37) Importer(815301076,1909f56bfc062723c751e8b465ee728b)  -> (artifact id: '6c1b0b35da5c86c3c631e90be76b39e5') in 0.017903 seconds 
  Import took 0.029414 seconds .

========================================================================
Received Import Request.
  Time since last request: 76.359805 seconds.
  path: Assets/Prefabs/2/2(3).prefab
  artifactKey: Guid(78afec7de44e2a94fa2cb30d9d25ddea) Importer(815301076,1909f56bfc062723c751e8b465ee728b)
Start importing Assets/Prefabs/2/2(3).prefab using Guid(78afec7de44e2a94fa2cb30d9d25ddea) Importer(815301076,1909f56bfc062723c751e8b465ee728b)  -> (artifact id: 'c4bf27fde87dab9c2e51a32de8dc89e4') in 0.015718 seconds 
  Import took 0.018920 seconds .

AssetImportWorkerClient::OnTransportError - code=2 error=End of file
